INFO:root:Starting program: 1433144638.46
INFO:root:Starting program: time.struct_time(tm_year=2015, tm_mon=6, tm_mday=1, tm_hour=15, tm_min=45, tm_sec=47, tm_wday=0, tm_yday=152, tm_isdst=0)
INFO:root:Starting program: Mon Jun  1 15:46:16 2015
INFO:root:Starting program: Tue Jun  2 10:14:49 2015
INFO:root:Starting program: Tue Jun  2 10:32:41 2015
INFO:root:Starting program: Tue Jun  2 10:38:12 2015
INFO:root:Starting program: Tue Jun  2 10:52:55 2015
INFO:root:Starting program: Tue Jun  2 11:07:44 2015
INFO:root:Starting program: Tue Jun  2 11:38:42 2015
INFO:root:Starting program: Tue Jun  2 12:34:54 2015
INFO:root:Starting program: Tue Jun  2 13:07:16 2015
INFO:root:Starting program: Tue Jun  2 13:15:36 2015
INFO:root:Starting program: Tue Jun  2 13:26:23 2015
INFO:root:Starting program: Tue Jun  2 13:51:27 2015
INFO:root:Starting program: Tue Jun  2 13:51:32 2015
INFO:root:Starting program: Tue Jun  2 13:56:39 2015
INFO:root:Starting program: Tue Jun  2 13:56:44 2015
INFO:root:Starting program: Tue Jun  2 13:56:48 2015
INFO:root:Starting program: Tue Jun  2 13:58:45 2015
INFO:root:Starting program: Tue Jun  2 13:58:47 2015
INFO:root:Starting program: Tue Jun  2 13:59:06 2015
INFO:root:Starting program: Tue Jun  2 13:59:09 2015
INFO:root:Starting program: Tue Jun  2 14:00:18 2015
INFO:root:Starting program: Tue Jun  2 14:00:21 2015
INFO:root:Starting program: Tue Jun  2 14:00:24 2015
INFO:root:Starting program: Tue Jun  2 14:09:41 2015
INFO:root:Starting program: Tue Jun  2 14:10:03 2015
INFO:root:Starting program: Tue Jun  2 14:10:54 2015
INFO:root:Starting program: Tue Jun  2 14:20:16 2015
INFO:root:Starting program: Tue Jun  2 14:20:54 2015
INFO:root:Starting program: Tue Jun  2 14:27:49 2015
INFO:root:Starting program: Tue Jun  2 15:09:49 2015
INFO:root:Starting program: Tue Jun  2 15:32:48 2015
INFO:root:Starting program: Tue Jun  2 17:38:30 2015
INFO:root:Starting program: Wed Jun  3 10:28:51 2015
INFO:root:Starting program: Wed Jun  3 10:31:15 2015
INFO:root:Starting program: Wed Jun  3 10:57:55 2015
INFO:root:Starting program: Wed Jun  3 10:57:57 2015
INFO:root:Starting program: Wed Jun  3 11:29:37 2015
INFO:root:Starting program: Wed Jun  3 11:41:08 2015
INFO:root:Starting program: Wed Jun  3 11:41:10 2015
INFO:root:Starting program: Wed Jun  3 13:01:56 2015
INFO:root:Starting program: Wed Jun  3 13:04:40 2015
INFO:root:Starting program: Wed Jun  3 13:05:26 2015
INFO:root:Starting program: Wed Jun  3 13:05:29 2015
INFO:root:Starting program: Wed Jun  3 13:15:20 2015
INFO:root:Starting program: Wed Jun  3 13:18:07 2015
INFO:root:Starting program: Wed Jun  3 13:20:33 2015
INFO:root:Starting program: Wed Jun  3 13:28:51 2015
INFO:root:Starting program: Wed Jun  3 13:49:09 2015
INFO:root:Starting program: Wed Jun  3 14:02:33 2015
INFO:root:Starting program: Wed Jun  3 14:12:09 2015
INFO:root:Starting program: Wed Jun  3 14:15:58 2015
INFO:root:Starting program: Wed Jun  3 14:23:30 2015
INFO:root:Starting program: Wed Jun  3 14:24:10 2015
INFO:root:Starting program: Wed Jun  3 14:25:39 2015
INFO:root:Starting program: Wed Jun  3 14:25:46 2015
INFO:root:Starting program: Wed Jun  3 14:26:33 2015
INFO:root:Starting program: Wed Jun  3 14:28:33 2015
INFO:root:Starting program: Wed Jun  3 14:31:54 2015
INFO:root:Starting program: Wed Jun  3 14:36:00 2015
INFO:root:Starting program: Wed Jun  3 14:37:45 2015
INFO:root:Starting program: Wed Jun  3 14:40:38 2015
INFO:root:Starting program: Wed Jun  3 14:44:43 2015
INFO:root:Starting program: Wed Jun  3 15:00:21 2015
INFO:root:Starting program: Wed Jun  3 15:04:04 2015
INFO:root:Starting program: Wed Jun  3 15:04:08 2015
INFO:root:Starting program: Thu Jun  4 11:00:17 2015
INFO:root:Starting program: Thu Jun  4 11:04:57 2015
INFO:root:Starting program: Thu Jun  4 11:05:53 2015
INFO:root:Starting program: Thu Jun  4 11:10:18 2015
INFO:root:Starting program: Thu Jun  4 11:19:15 2015
INFO:root:Starting program: Thu Jun  4 11:24:44 2015
INFO:root:Starting program: Thu Jun  4 11:30:00 2015
INFO:root:Starting program: Thu Jun  4 11:30:18 2015
INFO:root:Starting program: Thu Jun  4 11:38:00 2015
INFO:root:Starting program: Thu Jun  4 11:41:18 2015
INFO:root:Starting program: Thu Jun  4 13:23:15 2015
INFO:root:Starting program: Thu Jun  4 13:26:15 2015
INFO:root:Starting program: Thu Jun  4 13:26:48 2015
INFO:root:Starting program: Thu Jun  4 13:28:03 2015
INFO:root:Starting program: Thu Jun  4 13:30:35 2015
INFO:root:Starting program: Thu Jun  4 13:33:18 2015
INFO:root:Starting program: Thu Jun  4 13:38:43 2015
INFO:root:Starting program: Thu Jun  4 13:40:14 2015
INFO:root:Starting program: Thu Jun  4 13:40:19 2015
INFO:root:Starting program: Thu Jun  4 13:40:21 2015
INFO:root:Starting program: Thu Jun  4 13:40:22 2015
INFO:root:Starting program: Thu Jun  4 13:42:22 2015
INFO:root:Starting program: Thu Jun  4 13:44:02 2015
INFO:root:Starting program: Thu Jun  4 13:44:49 2015
INFO:root:Starting program: Thu Jun  4 13:49:17 2015
INFO:root:Starting program: Thu Jun  4 13:49:40 2015
INFO:root:Starting program: Thu Jun  4 13:52:28 2015
INFO:root:Starting program: Thu Jun  4 13:55:36 2015
INFO:root:Starting program: Thu Jun  4 13:58:23 2015
INFO:root:Starting program: Thu Jun  4 13:59:21 2015
INFO:root:Starting program: Thu Jun  4 13:59:31 2015
INFO:root:Starting program: Thu Jun  4 14:03:40 2015
INFO:root:Starting program: Thu Jun  4 14:05:04 2015
INFO:root:Starting program: Thu Jun  4 14:07:39 2015
INFO:root:Starting program: Thu Jun  4 14:12:13 2015
INFO:root:Starting program: Thu Jun  4 14:17:28 2015
INFO:root:Starting program: Thu Jun  4 14:19:11 2015
INFO:root:Starting program: Thu Jun  4 14:25:33 2015
INFO:root:Starting program: Thu Jun  4 14:25:52 2015
INFO:root:Starting program: Thu Jun  4 14:25:54 2015
INFO:root:Starting program: Thu Jun  4 14:25:56 2015
INFO:root:Starting program: Thu Jun  4 14:25:57 2015
INFO:root:Starting program: Thu Jun  4 14:25:59 2015
INFO:root:Starting program: Thu Jun  4 14:32:51 2015
INFO:root:Starting program: Thu Jun  4 14:34:38 2015
INFO:root:Starting program: Thu Jun  4 14:38:01 2015
INFO:root:Starting program: Thu Jun  4 14:38:16 2015
INFO:root:Starting program: Thu Jun  4 14:39:12 2015
INFO:root:Starting program: Thu Jun  4 14:41:00 2015
INFO:root:Starting program: Thu Jun  4 14:41:13 2015
INFO:root:Starting program: Thu Jun  4 14:42:29 2015
INFO:root:Starting program: Thu Jun  4 14:42:40 2015
INFO:root:Starting program: Thu Jun  4 14:42:52 2015
INFO:root:Starting program: Thu Jun  4 14:43:04 2015
INFO:root:Starting program: Thu Jun  4 14:43:19 2015
INFO:root:Starting program: Thu Jun  4 14:43:29 2015
INFO:root:Starting program: Thu Jun  4 14:43:31 2015
INFO:root:Starting program: Thu Jun  4 14:44:22 2015
INFO:root:Starting program: Thu Jun  4 14:44:41 2015
INFO:root:Starting program: Thu Jun  4 14:46:09 2015
INFO:root:Starting program: Thu Jun  4 14:47:05 2015
INFO:root:Starting program: Thu Jun  4 14:52:37 2015
INFO:root:Starting program: Thu Jun  4 15:04:40 2015
INFO:root:Starting program: Fri Jun  5 09:47:07 2015
INFO:root:Starting program: Fri Jun  5 09:47:17 2015
INFO:root:Starting program: Fri Jun  5 09:47:19 2015
INFO:root:Starting program: Fri Jun  5 09:50:45 2015
INFO:root:Starting program: Fri Jun  5 09:51:02 2015
INFO:root:Starting program: Fri Jun  5 09:51:26 2015
INFO:root:Starting program: Fri Jun  5 09:53:47 2015
INFO:root:Starting program: Fri Jun  5 09:58:07 2015
INFO:root:Starting program: Fri Jun  5 09:58:21 2015
INFO:root:Starting program: Fri Jun  5 09:59:47 2015
INFO:root:Starting program: Fri Jun  5 10:00:27 2015
INFO:root:Starting program: Fri Jun  5 10:00:31 2015
INFO:root:Starting program: Fri Jun  5 10:02:16 2015
INFO:root:Starting program: Fri Jun  5 10:02:50 2015
INFO:root:Starting program: Fri Jun  5 10:02:56 2015
INFO:root:Starting program: Fri Jun  5 10:03:01 2015
INFO:root:Starting program: Fri Jun  5 10:03:34 2015
INFO:root:Starting program: Fri Jun  5 10:03:42 2015
INFO:root:Starting program: Fri Jun  5 10:03:43 2015
INFO:root:Starting program: Fri Jun  5 10:03:45 2015
INFO:root:Starting program: Fri Jun  5 10:03:46 2015
INFO:root:Starting program: Fri Jun  5 10:03:48 2015
INFO:root:Starting program: Fri Jun  5 10:03:49 2015
INFO:root:Starting program: Fri Jun  5 10:03:50 2015
INFO:root:Starting program: Fri Jun  5 10:03:51 2015
INFO:root:Starting program: Fri Jun  5 10:03:53 2015
INFO:root:Starting program: Fri Jun  5 10:03:54 2015
INFO:root:Starting program: Fri Jun  5 10:06:00 2015
INFO:root:Starting program: Fri Jun  5 10:18:42 2015
INFO:root:Starting program: Fri Jun  5 10:25:29 2015
INFO:root:Starting program: Fri Jun  5 10:32:18 2015
INFO:root:Starting program: Fri Jun  5 10:36:18 2015
INFO:root:Starting program: Fri Jun  5 10:39:17 2015
INFO:root:Starting program: Fri Jun  5 10:43:21 2015
INFO:root:Starting program: Fri Jun  5 10:45:51 2015
INFO:root:Starting program: Fri Jun  5 10:45:57 2015
INFO:root:Starting program: Fri Jun  5 10:46:00 2015
INFO:root:Starting program: Fri Jun  5 10:50:41 2015
INFO:root:Starting program: Fri Jun  5 10:50:53 2015
INFO:root:Starting program: Fri Jun  5 10:51:44 2015
INFO:root:Starting program: Fri Jun  5 10:51:50 2015
INFO:root:Starting program: Fri Jun  5 10:51:52 2015
INFO:root:Starting program: Fri Jun  5 10:51:55 2015
INFO:root:Starting program: Fri Jun  5 10:52:01 2015
INFO:root:Starting program: Fri Jun  5 10:52:04 2015
INFO:root:Starting program: Fri Jun  5 10:56:03 2015
INFO:root:Starting program: Fri Jun  5 10:56:11 2015
INFO:root:Starting program: Fri Jun  5 10:57:39 2015
INFO:root:Starting program: Fri Jun  5 11:01:06 2015
INFO:root:Starting program: Fri Jun  5 11:01:29 2015
INFO:root:Starting program: Fri Jun  5 11:01:34 2015
INFO:root:Starting program: Fri Jun  5 11:01:36 2015
INFO:root:Starting program: Fri Jun  5 11:05:09 2015
INFO:root:Starting program: Fri Jun  5 11:06:05 2015
INFO:root:Starting program: Fri Jun  5 11:06:12 2015
INFO:root:Starting program: Fri Jun  5 11:06:14 2015
INFO:root:Starting program: Fri Jun  5 11:09:20 2015
INFO:root:Starting program: Fri Jun  5 11:13:56 2015
INFO:root:Starting program: Fri Jun  5 11:14:14 2015
INFO:root:Starting program: Fri Jun  5 11:17:44 2015
INFO:root:Starting program: Fri Jun  5 11:21:56 2015
INFO:root:Starting program: Fri Jun  5 11:22:02 2015
INFO:root:Starting program: Fri Jun  5 11:25:42 2015
INFO:root:Starting program: Fri Jun  5 11:25:47 2015
INFO:root:Starting program: Fri Jun  5 11:26:01 2015
INFO:root:Starting program: Fri Jun  5 11:26:04 2015
INFO:root:Starting program: Fri Jun  5 11:28:37 2015
INFO:root:Starting program: Fri Jun  5 11:28:47 2015
INFO:root:Starting program: Fri Jun  5 11:28:49 2015
INFO:root:Starting program: Fri Jun  5 11:28:52 2015
INFO:root:Starting program: Fri Jun  5 11:28:54 2015
INFO:root:Starting program: Fri Jun  5 11:28:55 2015
INFO:root:Starting program: Fri Jun  5 11:29:00 2015
INFO:root:Starting program: Fri Jun  5 11:29:01 2015
INFO:root:Starting program: Fri Jun  5 11:29:02 2015
INFO:root:Starting program: Fri Jun  5 11:29:05 2015
INFO:root:Starting program: Fri Jun  5 11:29:06 2015
INFO:root:Starting program: Fri Jun  5 11:29:09 2015
INFO:root:Starting program: Fri Jun  5 11:29:14 2015
INFO:root:Starting program: Fri Jun  5 11:30:21 2015
INFO:root:Starting program: Fri Jun  5 11:30:26 2015
INFO:root:Starting program: Fri Jun  5 11:30:29 2015
INFO:root:Starting program: Fri Jun  5 11:31:18 2015
INFO:root:Starting program: Fri Jun  5 12:51:50 2015
INFO:root:Starting program: Fri Jun  5 13:00:41 2015
INFO:root:Starting program: Fri Jun  5 13:00:47 2015
INFO:root:Starting program: Fri Jun  5 13:01:00 2015
INFO:root:Starting program: Fri Jun  5 13:01:58 2015
INFO:root:Starting program: Fri Jun  5 13:02:02 2015
INFO:root:Starting program: Fri Jun  5 13:02:31 2015
INFO:root:Starting program: Fri Jun  5 13:02:35 2015
INFO:root:Starting program: Fri Jun  5 13:02:39 2015
INFO:root:Starting program: Fri Jun  5 13:03:31 2015
INFO:root:Starting program: Fri Jun  5 13:03:43 2015
INFO:root:Starting program: Fri Jun  5 13:03:48 2015
INFO:root:Starting program: Fri Jun  5 13:03:50 2015
INFO:root:Starting program: Fri Jun  5 13:03:53 2015
INFO:root:Starting program: Fri Jun  5 13:03:54 2015
INFO:root:Starting program: Fri Jun  5 13:03:56 2015
INFO:root:Starting program: Fri Jun  5 13:03:57 2015
INFO:root:Starting program: Fri Jun  5 13:03:59 2015
INFO:root:Starting program: Fri Jun  5 13:04:01 2015
INFO:root:Starting program: Fri Jun  5 13:04:13 2015
INFO:root:Starting program: Fri Jun  5 13:04:15 2015
INFO:root:Starting program: Fri Jun  5 13:04:16 2015
INFO:root:Starting program: Fri Jun  5 13:04:18 2015
INFO:root:Starting program: Fri Jun  5 13:04:21 2015
INFO:root:Starting program: Fri Jun  5 13:04:51 2015
INFO:root:Starting program: Fri Jun  5 13:04:56 2015
INFO:root:Starting program: Fri Jun  5 13:04:58 2015
INFO:root:Starting program: Fri Jun  5 13:04:59 2015
INFO:root:Starting program: Fri Jun  5 13:05:01 2015
INFO:root:Starting program: Fri Jun  5 13:05:02 2015
INFO:root:Starting program: Fri Jun  5 13:05:08 2015
INFO:root:Starting program: Fri Jun  5 13:05:15 2015
INFO:root:Starting program: Fri Jun  5 13:05:17 2015
INFO:root:Starting program: Fri Jun  5 13:05:20 2015
INFO:root:Starting program: Fri Jun  5 13:05:21 2015
INFO:root:Starting program: Fri Jun  5 13:05:23 2015
INFO:root:Starting program: Fri Jun  5 13:05:28 2015
INFO:root:Starting program: Fri Jun  5 13:05:30 2015
INFO:root:Starting program: Fri Jun  5 13:05:34 2015
INFO:root:Starting program: Fri Jun  5 13:05:44 2015
INFO:root:Starting program: Fri Jun  5 13:05:51 2015
INFO:root:Starting program: Fri Jun  5 13:05:53 2015
INFO:root:Starting program: Fri Jun  5 13:06:00 2015
INFO:root:Starting program: Fri Jun  5 13:06:38 2015
INFO:root:Starting program: Fri Jun  5 13:06:48 2015
INFO:root:Starting program: Fri Jun  5 13:06:50 2015
INFO:root:Starting program: Fri Jun  5 13:06:52 2015
INFO:root:Starting program: Fri Jun  5 13:06:55 2015
INFO:root:Starting program: Fri Jun  5 13:06:57 2015
INFO:root:Starting program: Fri Jun  5 13:06:59 2015
INFO:root:Starting program: Fri Jun  5 13:07:02 2015
INFO:root:Starting program: Fri Jun  5 13:07:04 2015
INFO:root:Starting program: Fri Jun  5 13:07:07 2015
INFO:root:Starting program: Fri Jun  5 13:07:10 2015
INFO:root:Starting program: Fri Jun  5 13:07:14 2015
INFO:root:Starting program: Fri Jun  5 13:07:17 2015
INFO:root:Starting program: Fri Jun  5 13:07:20 2015
INFO:root:Starting program: Fri Jun  5 13:07:23 2015
INFO:root:Starting program: Fri Jun  5 13:07:25 2015
INFO:root:Starting program: Fri Jun  5 13:07:28 2015
INFO:root:Starting program: Fri Jun  5 13:09:43 2015
INFO:root:Starting program: Fri Jun  5 13:09:51 2015
INFO:root:Starting program: Fri Jun  5 13:09:53 2015
INFO:root:Starting program: Fri Jun  5 13:10:04 2015
INFO:root:Starting program: Fri Jun  5 13:10:07 2015
INFO:root:Starting program: Fri Jun  5 13:10:10 2015
INFO:root:Starting program: Fri Jun  5 13:10:15 2015
INFO:root:Starting program: Fri Jun  5 13:10:20 2015
INFO:root:Starting program: Fri Jun  5 13:10:21 2015
INFO:root:Starting program: Fri Jun  5 13:10:41 2015
INFO:root:Starting program: Fri Jun  5 13:10:58 2015
INFO:root:Starting program: Fri Jun  5 13:11:02 2015
INFO:root:Starting program: Fri Jun  5 13:11:05 2015
INFO:root:Starting program: Fri Jun  5 13:11:14 2015
INFO:root:Starting program: Fri Jun  5 13:11:55 2015
INFO:root:Starting program: Fri Jun  5 13:11:58 2015
INFO:root:Starting program: Fri Jun  5 13:12:02 2015
INFO:root:Starting program: Fri Jun  5 13:12:05 2015
INFO:root:Starting program: Fri Jun  5 13:12:07 2015
INFO:root:Starting program: Fri Jun  5 13:12:10 2015
INFO:root:Starting program: Fri Jun  5 13:12:13 2015
INFO:root:Starting program: Fri Jun  5 13:12:15 2015
INFO:root:Starting program: Fri Jun  5 13:12:17 2015
INFO:root:Starting program: Fri Jun  5 13:12:19 2015
INFO:root:Starting program: Fri Jun  5 13:12:27 2015
INFO:root:Starting program: Fri Jun  5 13:12:29 2015
INFO:root:Starting program: Fri Jun  5 13:12:31 2015
INFO:root:Starting program: Fri Jun  5 13:14:04 2015
INFO:root:Starting program: Fri Jun  5 13:14:23 2015
INFO:root:Starting program: Fri Jun  5 13:14:25 2015
INFO:root:Starting program: Fri Jun  5 13:14:31 2015
INFO:root:Starting program: Fri Jun  5 13:14:32 2015
INFO:root:Starting program: Fri Jun  5 13:14:34 2015
INFO:root:Starting program: Fri Jun  5 13:14:35 2015
INFO:root:Starting program: Fri Jun  5 13:14:40 2015
INFO:root:Starting program: Fri Jun  5 13:14:47 2015
INFO:root:Starting program: Fri Jun  5 13:14:54 2015
INFO:root:Starting program: Fri Jun  5 13:14:57 2015
INFO:root:Starting program: Fri Jun  5 13:14:58 2015
INFO:root:Starting program: Fri Jun  5 13:15:01 2015
INFO:root:Starting program: Fri Jun  5 13:15:07 2015
INFO:root:Starting program: Fri Jun  5 13:15:17 2015
INFO:root:Starting program: Fri Jun  5 13:15:20 2015
INFO:root:Starting program: Fri Jun  5 13:15:24 2015
INFO:root:Starting program: Fri Jun  5 13:16:20 2015
INFO:root:Starting program: Fri Jun  5 13:16:33 2015
INFO:root:Starting program: Fri Jun  5 13:17:28 2015
INFO:root:Starting program: Fri Jun  5 13:18:39 2015
INFO:root:Starting program: Fri Jun  5 13:19:25 2015
INFO:root:Starting program: Fri Jun  5 13:19:27 2015
INFO:root:Starting program: Fri Jun  5 13:20:04 2015
INFO:root:Starting program: Fri Jun  5 13:20:08 2015
INFO:root:Starting program: Fri Jun  5 13:20:11 2015
INFO:root:Starting program: Fri Jun  5 13:20:12 2015
INFO:root:Starting program: Fri Jun  5 13:20:58 2015
INFO:root:Starting program: Fri Jun  5 13:21:19 2015
INFO:root:Starting program: Fri Jun  5 13:21:22 2015
INFO:root:Starting program: Fri Jun  5 13:21:25 2015
INFO:root:Starting program: Fri Jun  5 13:21:28 2015
INFO:root:Starting program: Fri Jun  5 13:21:30 2015
INFO:root:Starting program: Fri Jun  5 13:21:31 2015
INFO:root:Starting program: Fri Jun  5 13:21:43 2015
INFO:root:Starting program: Fri Jun  5 13:21:45 2015
INFO:root:Starting program: Fri Jun  5 13:22:51 2015
INFO:root:Starting program: Fri Jun  5 13:22:54 2015
INFO:root:Starting program: Fri Jun  5 13:22:57 2015
INFO:root:Starting program: Fri Jun  5 13:22:59 2015
INFO:root:Starting program: Fri Jun  5 13:23:01 2015
INFO:root:Starting program: Fri Jun  5 13:23:03 2015
INFO:root:Starting program: Fri Jun  5 13:23:04 2015
INFO:root:Starting program: Fri Jun  5 13:26:14 2015
INFO:root:Starting program: Fri Jun  5 13:28:42 2015
INFO:root:Starting program: Fri Jun  5 13:30:21 2015
INFO:root:Starting program: Fri Jun  5 13:31:28 2015
INFO:root:Starting program: Fri Jun  5 13:32:16 2015
INFO:root:Starting program: Fri Jun  5 13:33:45 2015
INFO:root:Starting program: Fri Jun  5 13:34:47 2015
INFO:root:Starting program: Fri Jun  5 13:40:50 2015
INFO:root:Starting program: Mon Jun  8 09:59:59 2015
INFO:root:Starting program: Mon Jun  8 10:01:55 2015
INFO:root:Starting program: Mon Jun  8 10:04:12 2015
INFO:root:Starting program: Mon Jun  8 10:04:57 2015
INFO:root:Starting program: Mon Jun  8 10:06:07 2015
INFO:root:Starting program: Mon Jun  8 10:07:16 2015
INFO:root:Starting program: Mon Jun  8 10:07:49 2015
INFO:root:Starting program: Mon Jun  8 10:07:51 2015
INFO:root:Starting program: Mon Jun  8 10:07:53 2015
INFO:root:Starting program: Mon Jun  8 10:07:55 2015
INFO:root:Starting program: Mon Jun  8 10:09:51 2015
INFO:root:Starting program: Mon Jun  8 10:11:45 2015
INFO:root:Starting program: Mon Jun  8 10:13:32 2015
INFO:root:Starting program: Mon Jun  8 10:13:55 2015
INFO:root:Starting program: Mon Jun  8 10:13:57 2015
INFO:root:Starting program: Mon Jun  8 10:15:35 2015
INFO:root:Starting program: Mon Jun  8 10:16:17 2015
INFO:root:Starting program: Mon Jun  8 10:16:19 2015
INFO:root:Starting program: Mon Jun  8 10:16:22 2015
INFO:root:Starting program: Mon Jun  8 10:18:34 2015
INFO:root:Starting program: Mon Jun  8 10:21:19 2015
INFO:root:Starting program: Mon Jun  8 10:24:42 2015
INFO:root:Starting program: Mon Jun  8 10:26:52 2015
INFO:root:Starting program: Mon Jun  8 10:28:52 2015
INFO:root:Starting program: Mon Jun  8 10:32:13 2015
INFO:root:Starting program: Mon Jun  8 10:34:00 2015
INFO:root:Starting program: Mon Jun  8 10:37:28 2015
INFO:root:Starting program: Mon Jun  8 10:37:38 2015
INFO:root:Starting program: Mon Jun  8 10:37:41 2015
INFO:root:Starting program: Mon Jun  8 10:38:25 2015
INFO:root:Starting program: Mon Jun  8 10:42:03 2015
INFO:root:Starting program: Mon Jun  8 10:42:46 2015
INFO:root:Starting program: Mon Jun  8 10:44:31 2015
INFO:root:Starting program: Mon Jun  8 10:45:33 2015
INFO:root:Starting program: Mon Jun  8 10:49:48 2015
INFO:root:Starting program: Mon Jun  8 10:51:14 2015
INFO:root:Starting program: Mon Jun  8 10:54:42 2015
INFO:root:Starting program: Mon Jun  8 10:54:57 2015
INFO:root:Starting program: Mon Jun  8 10:55:02 2015
INFO:root:Starting program: Mon Jun  8 10:55:06 2015
INFO:root:Starting program: Mon Jun  8 10:55:53 2015
INFO:root:Starting program: Mon Jun  8 10:55:56 2015
INFO:root:Starting program: Mon Jun  8 10:55:59 2015
INFO:root:Starting program: Mon Jun  8 10:58:33 2015
INFO:root:Starting program: Mon Jun  8 11:02:22 2015
INFO:root:Starting program: Mon Jun  8 11:10:49 2015
INFO:root:Starting program: Mon Jun  8 11:14:18 2015
INFO:root:Starting program: Mon Jun  8 11:16:46 2015
INFO:root:Starting program: Mon Jun  8 11:34:01 2015
INFO:root:Starting program: Mon Jun  8 11:34:39 2015
INFO:root:Starting program: Mon Jun  8 13:01:22 2015
INFO:root:Starting program: Mon Jun  8 13:01:33 2015
INFO:root:Starting program: Mon Jun  8 13:01:42 2015
INFO:root:Starting program: Mon Jun  8 13:12:57 2015
INFO:root:Starting program: Mon Jun  8 13:19:02 2015
INFO:root:Starting program: Mon Jun  8 13:20:30 2015
INFO:root:Starting program: Mon Jun  8 13:24:03 2015
INFO:root:Starting program: Mon Jun  8 13:27:07 2015
INFO:root:Starting program: Mon Jun  8 13:37:16 2015
INFO:root:Starting program: Mon Jun  8 13:37:56 2015
INFO:root:Starting program: Mon Jun  8 13:41:59 2015
INFO:root:Starting program: Mon Jun  8 13:42:43 2015
INFO:root:Starting program: Mon Jun  8 13:43:58 2015
INFO:root:Starting program: Mon Jun  8 13:48:40 2015
INFO:root:Starting program: Mon Jun  8 13:52:27 2015
INFO:root:Starting program: Mon Jun  8 13:53:55 2015
INFO:root:Starting program: Mon Jun  8 14:10:51 2015
INFO:root:Starting program: Mon Jun  8 14:11:09 2015
INFO:root:Starting program: Mon Jun  8 14:11:11 2015
INFO:root:Starting program: Mon Jun  8 14:12:29 2015
INFO:root:Starting program: Mon Jun  8 14:13:43 2015
INFO:root:Starting program: Mon Jun  8 14:14:10 2015
INFO:root:Starting program: Mon Jun  8 14:15:17 2015
INFO:root:Starting program: Mon Jun  8 14:20:10 2015
INFO:root:Starting program: Mon Jun  8 14:21:17 2015
INFO:root:Starting program: Mon Jun  8 14:24:51 2015
INFO:root:Starting program: Mon Jun  8 14:25:14 2015
INFO:root:Starting program: Mon Jun  8 14:26:47 2015
INFO:root:Starting program: Mon Jun  8 14:27:18 2015
INFO:root:Starting program: Mon Jun  8 14:28:53 2015
INFO:root:Starting program: Mon Jun  8 14:30:10 2015
INFO:root:Starting program: Mon Jun  8 14:34:06 2015
INFO:root:Starting program: Mon Jun  8 14:34:29 2015
INFO:root:Starting program: Mon Jun  8 14:35:49 2015
INFO:root:Starting program: Mon Jun  8 14:35:56 2015
INFO:root:Starting program: Mon Jun  8 14:39:40 2015
INFO:root:Starting program: Mon Jun  8 14:43:02 2015
INFO:root:Starting program: Mon Jun  8 14:44:43 2015
INFO:root:Starting program: Mon Jun  8 14:47:36 2015
INFO:root:Starting program: Mon Jun  8 14:52:40 2015
INFO:root:Starting program: Mon Jun  8 14:53:24 2015
INFO:root:Starting program: Mon Jun  8 14:53:26 2015
INFO:root:Starting program: Mon Jun  8 14:53:27 2015
INFO:root:Starting program: Mon Jun  8 14:53:29 2015
INFO:root:Starting program: Mon Jun  8 14:55:36 2015
INFO:root:Starting program: Mon Jun  8 14:55:49 2015
INFO:root:Starting program: Mon Jun  8 14:56:11 2015
INFO:root:Starting program: Mon Jun  8 14:57:23 2015
INFO:root:Starting program: Mon Jun  8 14:59:21 2015
INFO:root:Starting program: Mon Jun  8 15:03:31 2015
INFO:root:Starting program: Mon Jun  8 16:08:58 2015
INFO:root:Starting program: Mon Jun  8 16:09:26 2015
INFO:root:Starting program: Mon Jun  8 16:10:41 2015
INFO:root:Starting program: Mon Jun  8 16:11:34 2015
INFO:root:Starting program: Mon Jun  8 16:11:55 2015
INFO:root:Starting program: Tue Jun  9 09:57:10 2015
INFO:root:Starting program: Tue Jun  9 09:58:28 2015
INFO:root:Starting program: Tue Jun  9 10:04:10 2015
INFO:root:Starting program: Tue Jun  9 10:06:06 2015
INFO:root:Starting program: Tue Jun  9 10:12:23 2015
INFO:root:Starting program: Tue Jun  9 10:14:36 2015
INFO:root:Starting program: Tue Jun  9 10:27:19 2015
INFO:root:Starting program: Tue Jun  9 10:28:46 2015
INFO:root:Starting program: Tue Jun  9 10:38:54 2015
INFO:root:Starting program: Tue Jun  9 10:51:51 2015
INFO:root:Starting program: Tue Jun  9 11:00:41 2015
INFO:root:Starting program: Tue Jun  9 11:05:26 2015
INFO:root:Starting program: Tue Jun  9 11:08:34 2015
INFO:root:Starting program: Tue Jun  9 11:10:12 2015
INFO:root:Starting program: Tue Jun  9 11:10:19 2015
INFO:root:Starting program: Tue Jun  9 11:13:33 2015
INFO:root:Starting program: Tue Jun  9 11:23:31 2015
INFO:root:Starting program: Tue Jun  9 11:23:36 2015
INFO:root:Starting program: Tue Jun  9 11:29:01 2015
INFO:root:Starting program: Tue Jun  9 11:36:32 2015
INFO:root:Starting program: Tue Jun  9 13:04:23 2015
INFO:root:Starting program: Tue Jun  9 13:05:34 2015
INFO:root:Starting program: Tue Jun  9 13:06:34 2015
INFO:root:Starting program: Tue Jun  9 13:20:50 2015
INFO:root:Starting program: Tue Jun  9 13:34:54 2015
INFO:root:Starting program: Tue Jun  9 13:36:18 2015
INFO:root:Starting program: Tue Jun  9 13:43:36 2015
INFO:root:Starting program: Tue Jun  9 14:00:03 2015
INFO:root:Starting program: Tue Jun  9 14:02:42 2015
INFO:root:Starting program: Tue Jun  9 14:09:25 2015
INFO:root:Starting program: Tue Jun  9 14:15:10 2015
INFO:root:Starting program: Tue Jun  9 14:17:06 2015
INFO:root:Starting program: Tue Jun  9 14:25:51 2015
INFO:root:Starting program: Tue Jun  9 15:24:42 2015
INFO:root:Starting program: Wed Jun 10 10:26:49 2015
INFO:root:Starting program: Wed Jun 10 10:29:48 2015
INFO:root:Starting program: Wed Jun 10 10:36:56 2015
INFO:root:Starting program: Wed Jun 10 10:45:45 2015
INFO:root:Starting program: Wed Jun 10 10:51:25 2015
INFO:root:Starting program: Wed Jun 10 10:55:43 2015
INFO:root:Starting program: Wed Jun 10 10:57:59 2015
INFO:root:Starting program: Wed Jun 10 11:31:12 2015
INFO:root:Starting program: Wed Jun 10 12:59:17 2015
INFO:root:Starting program: Wed Jun 10 13:00:18 2015
INFO:root:Starting program: Wed Jun 10 13:01:32 2015
INFO:root:Starting program: Wed Jun 10 13:02:18 2015
INFO:root:Starting program: Wed Jun 10 13:09:58 2015
INFO:root:Starting program: Wed Jun 10 13:12:55 2015
INFO:root:Starting program: Wed Jun 10 13:13:28 2015
INFO:root:Starting program: Wed Jun 10 13:14:30 2015
INFO:root:Starting program: Wed Jun 10 13:16:13 2015
INFO:root:Starting program: Wed Jun 10 13:17:04 2015
INFO:root:Starting program: Wed Jun 10 13:17:36 2015
INFO:root:Starting program: Wed Jun 10 13:18:50 2015
INFO:root:Starting program: Wed Jun 10 13:19:48 2015
INFO:root:Starting program: Wed Jun 10 13:21:01 2015
INFO:root:Starting program: Wed Jun 10 13:36:39 2015
INFO:root:Starting program: Wed Jun 10 13:37:44 2015
INFO:root:Starting program: Wed Jun 10 13:39:56 2015
INFO:root:Starting program: Wed Jun 10 13:40:51 2015
INFO:root:Starting program: Wed Jun 10 13:46:44 2015
INFO:root:Starting program: Wed Jun 10 13:51:13 2015
INFO:root:Starting program: Wed Jun 10 13:52:29 2015
INFO:root:Starting program: Wed Jun 10 13:56:37 2015
INFO:root:Starting program: Wed Jun 10 14:03:26 2015
INFO:root:Starting program: Wed Jun 10 14:08:43 2015
INFO:root:Starting program: Wed Jun 10 14:12:31 2015
INFO:root:Starting program: Wed Jun 10 14:16:00 2015
INFO:root:Starting program: Wed Jun 10 14:16:22 2015
INFO:root:Starting program: Wed Jun 10 14:18:42 2015
INFO:root:Starting program: Wed Jun 10 14:21:14 2015
INFO:root:Starting program: Wed Jun 10 14:21:31 2015
INFO:root:Starting program: Wed Jun 10 14:23:02 2015
INFO:root:Starting program: Wed Jun 10 14:24:20 2015
INFO:root:Starting program: Wed Jun 10 14:26:01 2015
INFO:root:Starting program: Wed Jun 10 14:27:55 2015
INFO:root:Starting program: Wed Jun 10 14:28:51 2015
INFO:root:Starting program: Wed Jun 10 15:28:35 2015
INFO:root:Starting program: Thu Jun 11 09:53:24 2015
INFO:root:Starting program: Thu Jun 11 09:56:19 2015
INFO:root:Starting program: Thu Jun 11 09:56:48 2015
INFO:root:Starting program: Thu Jun 11 09:57:03 2015
INFO:root:Starting program: Thu Jun 11 09:58:47 2015
INFO:root:Starting program: Thu Jun 11 10:00:13 2015
INFO:root:Starting program: Thu Jun 11 10:02:03 2015
INFO:root:Starting program: Thu Jun 11 10:03:07 2015
INFO:root:Starting program: Thu Jun 11 10:03:39 2015
INFO:root:Starting program: Thu Jun 11 10:03:49 2015
INFO:root:Starting program: Thu Jun 11 10:13:52 2015
INFO:root:Starting program: Thu Jun 11 10:15:37 2015
INFO:root:Starting program: Thu Jun 11 10:21:56 2015
INFO:root:Starting program: Thu Jun 11 10:23:24 2015
INFO:root:Starting program: Thu Jun 11 10:26:28 2015
INFO:root:Starting program: Thu Jun 11 11:11:26 2015
INFO:root:Starting program: Thu Jun 11 11:32:02 2015
INFO:root:Starting program: Thu Jun 11 13:10:51 2015
INFO:root:Starting program: Thu Jun 11 13:10:54 2015
INFO:root:Starting program: Thu Jun 11 13:11:32 2015
INFO:root:Starting program: Thu Jun 11 13:37:13 2015
INFO:root:Starting program: Thu Jun 11 13:49:41 2015
INFO:root:Starting program: Thu Jun 11 13:56:43 2015
INFO:root:Starting program: Thu Jun 11 14:09:14 2015
INFO:root:Starting program: Thu Jun 11 14:11:44 2015
INFO:root:Starting program: Thu Jun 11 14:19:24 2015
INFO:root:Starting program: Thu Jun 11 14:22:53 2015
INFO:root:Starting program: Thu Jun 11 14:24:24 2015
INFO:root:Starting program: Tue Jun 23 11:11:45 2015
INFO:root:Starting program: Tue Jun 23 11:16:04 2015
INFO:root:Starting program: Tue Jun 23 11:18:37 2015
INFO:root:Starting program: Tue Jun 23 11:24:04 2015
INFO:root:Starting program: Tue Jun 23 11:24:06 2015
INFO:root:Starting program: Tue Jun 23 11:25:18 2015
INFO:root:Starting program: Tue Jun 23 11:26:41 2015
INFO:root:Starting program: Tue Jun 23 11:28:43 2015
INFO:root:Starting program: Tue Jun 23 11:32:50 2015
INFO:root:Starting program: Tue Jun 23 11:42:40 2015
INFO:root:Starting program: Tue Jun 23 11:54:44 2015
INFO:root:Starting program: Tue Jun 23 15:30:29 2015
INFO:root:Starting program: Thu Jun 25 09:33:55 2015
INFO:root:Starting program: Thu Jun 25 09:52:21 2015
INFO:root:Starting program: Thu Jun 25 10:00:55 2015
